2022-10-30T15:02:46.807564+0400 INFO <bound method Yandex.__init__ of <__main__.Yandex object at 0x10dc4b3a0>> => 200
2022-10-30T15:02:47.862191+0400 INFO <bound method Yandex.delete_folder of <__main__.Yandex object at 0x10dc4b3a0>> => 404
2022-10-30T15:09:45.457448+0400 INFO <bound method Yandex.__init__ of <__main__.Yandex object at 0x10d09fd30>> => 200
2022-10-30T15:09:46.047730+0400 INFO <bound method Yandex.delete_folder of <__main__.Yandex object at 0x10d09fd30>> => 400
2022-10-31T17:27:43.442523+0400 INFO <bound method Yandex.__init__ of <main_work_2.Yandex object at 0x10c1a3d00>> => 401
2022-10-31T17:27:43.442072+0400 INFO <bound method Yandex.__init__ of <main_work_2.Yandex object at 0x1101bfd00>> => 401
2022-10-31T17:27:43.442370+0400 INFO <bound method Yandex.__init__ of <main_work_2.Yandex object at 0x10e91fc70>> => 401
2022-10-31T17:27:43.589104+0400 INFO <bound method Yandex.creat_folder of <main_work_2.Yandex object at 0x10c1a3d00>> => 401
2022-10-31T17:27:43.589190+0400 INFO <bound method Yandex.creat_folder of <main_work_2.Yandex object at 0x1101bfd00>> => 401
2022-10-31T17:27:43.616115+0400 INFO <bound method Yandex.creat_folder of <main_work_2.Yandex object at 0x10e91fc70>> => 401
2022-10-31T17:27:43.731359+0400 INFO <bound method Yandex.__init__ of <main_work_2.Yandex object at 0x10b1dbd00>> => 401
2022-10-31T17:27:43.939073+0400 INFO <bound method Yandex.creat_folder of <main_work_2.Yandex object at 0x10b1dbd00>> => 401
2022-10-31T17:27:43.961931+0400 INFO <bound method Yandex.__init__ of <main_work_2.Yandex object at 0x1101bfca0>> => 401
2022-10-31T17:27:43.975094+0400 INFO <bound method Yandex.__init__ of <main_work_2.Yandex object at 0x10c1a3ca0>> => 401
2022-10-31T17:27:44.071640+0400 INFO <bound method Yandex.delete_folder of <main_work_2.Yandex object at 0x1101bfca0>> => 401
2022-10-31T17:27:44.139439+0400 INFO <bound method Yandex.delete_folder of <main_work_2.Yandex object at 0x10c1a3ca0>> => 401
2022-10-31T17:27:44.208486+0400 INFO <bound method Yandex.__init__ of <main_work_2.Yandex object at 0x10b1dbca0>> => 401
2022-10-31T17:27:44.277720+0400 INFO <bound method Yandex.__init__ of <main_work_2.Yandex object at 0x10e91fc10>> => 401
2022-10-31T17:27:44.657312+0400 INFO <bound method Yandex.delete_folder of <main_work_2.Yandex object at 0x10b1dbca0>> => 401
2022-10-31T17:27:44.672506+0400 INFO <bound method Yandex.delete_folder of <main_work_2.Yandex object at 0x10e91fc10>> => 401
